# JRE version: Java(TM) SE Runtime Environment (8.0_202-b08) (build 1.8.0_202-b08)
# Java VM: Java HotSpot(TM) 64-Bit Server VM (25.202-b08 mixed mode windows-amd64 compressed oops)
Heap:
 PSYoungGen      total 157184K, used 29055K [0x00000000f5580000, 0x00000000fff80000, 0x0000000100000000)
  eden space 140288K, 20% used [0x00000000f5580000,0x00000000f71dfec8,0x00000000fde80000)
  from space 16896K, 0% used [0x00000000fde80000,0x00000000fde80000,0x00000000fef00000)
  to   space 16896K, 0% used [0x00000000fef00000,0x00000000fef00000,0x00000000fff80000)
 ParOldGen       total 224256K, used 46766K [0x00000000e0000000, 0x00000000edb00000, 0x00000000f5580000)
  object space 224256K, 20% used [0x00000000e0000000,0x00000000e2dab850,0x00000000edb00000)
 Metaspace       used 61590K, capacity 64313K, committed 64768K, reserved 1110016K
  class space    used 8323K, capacity 8836K, committed 8960K, reserved 1048576K
GC Heap History (10 events):
Event: 24.953 GC heap before
{Heap before GC invocations=15 (full 2):
 PSYoungGen      total 156160K, used 147639K [0x00000000f5580000, 0x00000000fff00000, 0x0000000100000000)
  eden space 139776K, 100% used [0x00000000f5580000,0x00000000fde00000,0x00000000fde00000)
  from space 16384K, 47% used [0x00000000fef00000,0x00000000ff6adcd8,0x00000000fff00000)
  to   space 16896K, 0% used [0x00000000fde00000,0x00000000fde00000,0x00000000fee80000)
 ParOldGen       total 175104K, used 30008K [0x00000000e0000000, 0x00000000eab00000, 0x00000000f5580000)
  object space 175104K, 17% used [0x00000000e0000000,0x00000000e1d4e370,0x00000000eab00000)
 Metaspace       used 53734K, capacity 56310K, committed 56448K, reserved 1097728K
  class space    used 7234K, capacity 7718K, committed 7808K, reserved 1048576K
Event: 24.971 GC heap after
Heap after GC invocations=15 (full 2):
 PSYoungGen      total 156672K, used 4440K [0x00000000f5580000, 0x0000000100000000, 0x0000000100000000)
  eden space 139776K, 0% used [0x00000000f5580000,0x00000000f5580000,0x00000000fde00000)
  from space 16896K, 26% used [0x00000000fde00000,0x00000000fe256288,0x00000000fee80000)
  to   space 17408K, 0% used [0x00000000fef00000,0x00000000fef00000,0x0000000100000000)
 ParOldGen       total 175104K, used 36316K [0x00000000e0000000, 0x00000000eab00000, 0x00000000f5580000)
  object space 175104K, 20% used [0x00000000e0000000,0x00000000e23773c0,0x00000000eab00000)
 Metaspace       used 53734K, capacity 56310K, committed 56448K, reserved 1097728K
  class space    used 7234K, capacity 7718K, committed 7808K, reserved 1048576K
}
Event: 28.245 GC heap before
{Heap before GC invocations=16 (full 2):
 PSYoungGen      total 156672K, used 111170K [0x00000000f5580000, 0x0000000100000000, 0x0000000100000000)
  eden space 139776K, 76% used [0x00000000f5580000,0x00000000fbdba810,0x00000000fde00000)
  from space 16896K, 26% used [0x00000000fde00000,0x00000000fe256288,0x00000000fee80000)
  to   space 17408K, 0% used [0x00000000fef00000,0x00000000fef00000,0x0000000100000000)
 ParOldGen       total 175104K, used 36316K [0x00000000e0000000, 0x00000000eab00000, 0x00000000f5580000)
  object space 175104K, 20% used [0x00000000e0000000,0x00000000e23773c0,0x00000000eab00000)
 Metaspace       used 56099K, capacity 58760K, committed 59008K, reserved 1099776K
  class space    used 7568K, capacity 8041K, committed 8064K, reserved 1048576K
Event: 28.257 GC heap after
Heap after GC invocations=16 (full 2):
 PSYoungGen      total 157184K, used 5771K [0x00000000f5580000, 0x00000000fff80000, 0x0000000100000000)
  eden space 140288K, 0% used [0x00000000f5580000,0x00000000f5580000,0x00000000fde80000)
  from space 16896K, 34% used [0x00000000fef00000,0x00000000ff4a2d68,0x00000000fff80000)
  to   space 16896K, 0% used [0x00000000fde80000,0x00000000fde80000,0x00000000fef00000)
 ParOldGen       total 175104K, used 39732K [0x00000000e0000000, 0x00000000eab00000, 0x00000000f5580000)
  object space 175104K, 22% used [0x00000000e0000000,0x00000000e26cd3c0,0x00000000eab00000)
 Metaspace       used 56099K, capacity 58760K, committed 59008K, reserved 1099776K
  class space    used 7568K, capacity 8041K, committed 8064K, reserved 1048576K
}
Event: 28.257 GC heap before
{Heap before GC invocations=17 (full 3):
 PSYoungGen      total 157184K, used 5771K [0x00000000f5580000, 0x00000000fff80000, 0x0000000100000000)
  eden space 140288K, 0% used [0x00000000f5580000,0x00000000f5580000,0x00000000fde80000)
  from space 16896K, 34% used [0x00000000fef00000,0x00000000ff4a2d68,0x00000000fff80000)
  to   space 16896K, 0% used [0x00000000fde80000,0x00000000fde80000,0x00000000fef00000)
 ParOldGen       total 175104K, used 39732K [0x00000000e0000000, 0x00000000eab00000, 0x00000000f5580000)
  object space 175104K, 22% used [0x00000000e0000000,0x00000000e26cd3c0,0x00000000eab00000)
 Metaspace       used 56099K, capacity 58760K, committed 59008K, reserved 1099776K
  class space    used 7568K, capacity 8041K, committed 8064K, reserved 1048576K
Event: 28.579 GC heap after
Heap after GC invocations=17 (full 3):
 PSYoungGen      total 157184K, used 0K [0x00000000f5580000, 0x00000000fff80000, 0x0000000100000000)
  eden space 140288K, 0% used [0x00000000f5580000,0x00000000f5580000,0x00000000fde80000)
  from space 16896K, 0% used [0x00000000fef00000,0x00000000fef00000,0x00000000fff80000)
  to   space 16896K, 0% used [0x00000000fde80000,0x00000000fde80000,0x00000000fef00000)
 ParOldGen       total 224256K, used 43494K [0x00000000e0000000, 0x00000000edb00000, 0x00000000f5580000)
  object space 224256K, 19% used [0x00000000e0000000,0x00000000e2a79960,0x00000000edb00000)
 Metaspace       used 56099K, capacity 58760K, committed 59008K, reserved 1099776K
  class space    used 7568K, capacity 8041K, committed 8064K, reserved 1048576K
}
Event: 30.568 GC heap before
{Heap before GC invocations=18 (full 3):
 PSYoungGen      total 157184K, used 67982K [0x00000000f5580000, 0x00000000fff80000, 0x0000000100000000)
  eden space 140288K, 48% used [0x00000000f5580000,0x00000000f97e3ac8,0x00000000fde80000)
  from space 16896K, 0% used [0x00000000fef00000,0x00000000fef00000,0x00000000fff80000)
  to   space 16896K, 0% used [0x00000000fde80000,0x00000000fde80000,0x00000000fef00000)
 ParOldGen       total 224256K, used 43494K [0x00000000e0000000, 0x00000000edb00000, 0x00000000f5580000)
  object space 224256K, 19% used [0x00000000e0000000,0x00000000e2a79960,0x00000000edb00000)
 Metaspace       used 60114K, capacity 62737K, committed 62976K, reserved 1114112K
  class space    used 8121K, capacity 8594K, committed 8704K, reserved 1048576K
Event: 30.573 GC heap after
Heap after GC invocations=18 (full 3):
 PSYoungGen      total 157184K, used 5255K [0x00000000f5580000, 0x00000000fff80000, 0x0000000100000000)
  eden space 140288K, 0% used [0x00000000f5580000,0x00000000f5580000,0x00000000fde80000)
  from space 16896K, 31% used [0x00000000fde80000,0x00000000fe3a1d08,0x00000000fef00000)
  to   space 16896K, 0% used [0x00000000fef00000,0x00000000fef00000,0x00000000fff80000)
 ParOldGen       total 224256K, used 43502K [0x00000000e0000000, 0x00000000edb00000, 0x00000000f5580000)
  object space 224256K, 19% used [0x00000000e0000000,0x00000000e2a7b960,0x00000000edb00000)
 Metaspace       used 60114K, capacity 62737K, committed 62976K, reserved 1114112K
  class space    used 8121K, capacity 8594K, committed 8704K, reserved 1048576K
}
Event: 30.573 GC heap before
{Heap before GC invocations=19 (full 4):
 PSYoungGen      total 157184K, used 5255K [0x00000000f5580000, 0x00000000fff80000, 0x0000000100000000)
  eden space 140288K, 0% used [0x00000000f5580000,0x00000000f5580000,0x00000000fde80000)
  from space 16896K, 31% used [0x00000000fde80000,0x00000000fe3a1d08,0x00000000fef00000)
  to   space 16896K, 0% used [0x00000000fef00000,0x00000000fef00000,0x00000000fff80000)
 ParOldGen       total 224256K, used 43502K [0x00000000e0000000, 0x00000000edb00000, 0x00000000f5580000)
  object space 224256K, 19% used [0x00000000e0000000,0x00000000e2a7b960,0x00000000edb00000)
 Metaspace       used 60114K, capacity 62737K, committed 62976K, reserved 1114112K
  class space    used 8121K, capacity 8594K, committed 8704K, reserved 1048576K
Event: 30.681 GC heap after
Heap after GC invocations=19 (full 4):
 PSYoungGen      total 157184K, used 0K [0x00000000f5580000, 0x00000000fff80000, 0x0000000100000000)
  eden space 140288K, 0% used [0x00000000f5580000,0x00000000f5580000,0x00000000fde80000)
  from space 16896K, 0% used [0x00000000fde80000,0x00000000fde80000,0x00000000fef00000)
  to   space 16896K, 0% used [0x00000000fef00000,0x00000000fef00000,0x00000000fff80000)
 ParOldGen       total 224256K, used 46766K [0x00000000e0000000, 0x00000000edb00000, 0x00000000f5580000)
  object space 224256K, 20% used [0x00000000e0000000,0x00000000e2dab850,0x00000000edb00000)
 Metaspace       used 60114K, capacity 62737K, committed 62976K, reserved 1110016K
  class space    used 8121K, capacity 8594K, committed 8704K, reserved 1048576K
}

