# JRE version: Java(TM) SE Runtime Environment (8.0_202-b08) (build 1.8.0_202-b08)
# Java VM: Java HotSpot(TM) 64-Bit Server VM (25.202-b08 mixed mode windows-amd64 compressed oops)
Heap:
 PSYoungGen      total 372736K, used 60712K [0x0000000780800000, 0x00000007afa80000, 0x00000007c0000000)
  eden space 221184K, 0% used [0x0000000780800000,0x0000000780800000,0x000000078e000000)
  from space 151552K, 40% used [0x000000079c200000,0x000000079fd4a160,0x00000007a5600000)
  to   space 231424K, 0% used [0x000000078e000000,0x000000078e000000,0x000000079c200000)
 ParOldGen       total 876032K, used 875951K [0x0000000701800000, 0x000000074f280000, 0x0000000780800000)
  object space 876032K, 99% used [0x0000000701800000,0x0000000736f6bf28,0x0000000736f80000)
 Metaspace       used 69430K, capacity 72320K, committed 72704K, reserved 1112064K
  class space    used 9200K, capacity 9715K, committed 9728K, reserved 1048576K
GC Heap History (10 events):
Event: 66.101 GC heap after
Heap after GC invocations=22 (full 3):
 PSYoungGen      total 267776K, used 18427K [0x0000000780800000, 0x0000000797a00000, 0x00000007c0000000)
  eden space 249344K, 0% used [0x0000000780800000,0x0000000780800000,0x000000078fb80000)
  from space 18432K, 99% used [0x000000078fb80000,0x0000000790d7edd8,0x0000000790d80000)
  to   space 36352K, 0% used [0x0000000795680000,0x0000000795680000,0x0000000797a00000)
 ParOldGen       total 814592K, used 700928K [0x0000000701800000, 0x0000000733380000, 0x0000000780800000)
  object space 814592K, 86% used [0x0000000701800000,0x000000072c4801e8,0x0000000733380000)
 Metaspace       used 69430K, capacity 72320K, committed 72704K, reserved 1112064K
  class space    used 9200K, capacity 9715K, committed 9728K, reserved 1048576K
}
Event: 67.274 GC heap before
{Heap before GC invocations=23 (full 3):
 PSYoungGen      total 267776K, used 267771K [0x0000000780800000, 0x0000000797a00000, 0x00000007c0000000)
  eden space 249344K, 100% used [0x0000000780800000,0x000000078fb80000,0x000000078fb80000)
  from space 18432K, 99% used [0x000000078fb80000,0x0000000790d7edd8,0x0000000790d80000)
  to   space 36352K, 0% used [0x0000000795680000,0x0000000795680000,0x0000000797a00000)
 ParOldGen       total 814592K, used 700928K [0x0000000701800000, 0x0000000733380000, 0x0000000780800000)
  object space 814592K, 86% used [0x0000000701800000,0x000000072c4801e8,0x0000000733380000)
 Metaspace       used 69430K, capacity 72320K, committed 72704K, reserved 1112064K
  class space    used 9200K, capacity 9715K, committed 9728K, reserved 1048576K
Event: 67.491 GC heap after
Heap after GC invocations=23 (full 3):
 PSYoungGen      total 273920K, used 36347K [0x0000000780800000, 0x00000007a1580000, 0x00000007c0000000)
  eden space 237568K, 0% used [0x0000000780800000,0x0000000780800000,0x000000078f000000)
  from space 36352K, 99% used [0x0000000795680000,0x00000007979fee98,0x0000000797a00000)
  to   space 104960K, 0% used [0x000000078f000000,0x000000078f000000,0x0000000795680000)
 ParOldGen       total 872448K, used 870786K [0x0000000701800000, 0x0000000736c00000, 0x0000000780800000)
  object space 872448K, 99% used [0x0000000701800000,0x0000000736a60bf8,0x0000000736c00000)
 Metaspace       used 69430K, capacity 72320K, committed 72704K, reserved 1112064K
  class space    used 9200K, capacity 9715K, committed 9728K, reserved 1048576K
}
Event: 67.491 GC heap before
{Heap before GC invocations=24 (full 4):
 PSYoungGen      total 273920K, used 36347K [0x0000000780800000, 0x00000007a1580000, 0x00000007c0000000)
  eden space 237568K, 0% used [0x0000000780800000,0x0000000780800000,0x000000078f000000)
  from space 36352K, 99% used [0x0000000795680000,0x00000007979fee98,0x0000000797a00000)
  to   space 104960K, 0% used [0x000000078f000000,0x000000078f000000,0x0000000795680000)
 ParOldGen       total 872448K, used 870786K [0x0000000701800000, 0x0000000736c00000, 0x0000000780800000)
  object space 872448K, 99% used [0x0000000701800000,0x0000000736a60bf8,0x0000000736c00000)
 Metaspace       used 69430K, capacity 72320K, committed 72704K, reserved 1112064K
  class space    used 9200K, capacity 9715K, committed 9728K, reserved 1048576K
Event: 68.743 GC heap after
Heap after GC invocations=24 (full 4):
 PSYoungGen      total 273920K, used 0K [0x0000000780800000, 0x00000007a1580000, 0x00000007c0000000)
  eden space 237568K, 0% used [0x0000000780800000,0x0000000780800000,0x000000078f000000)
  from space 36352K, 0% used [0x0000000795680000,0x0000000795680000,0x0000000797a00000)
  to   space 104960K, 0% used [0x000000078f000000,0x000000078f000000,0x0000000795680000)
 ParOldGen       total 876032K, used 584982K [0x0000000701800000, 0x0000000736f80000, 0x0000000780800000)
  object space 876032K, 66% used [0x0000000701800000,0x00000007253458b0,0x0000000736f80000)
 Metaspace       used 69430K, capacity 72320K, committed 72704K, reserved 1112064K
  class space    used 9200K, capacity 9715K, committed 9728K, reserved 1048576K
}
Event: 70.105 GC heap before
{Heap before GC invocations=25 (full 4):
 PSYoungGen      total 273920K, used 237568K [0x0000000780800000, 0x00000007a1580000, 0x00000007c0000000)
  eden space 237568K, 100% used [0x0000000780800000,0x000000078f000000,0x000000078f000000)
  from space 36352K, 0% used [0x0000000795680000,0x0000000795680000,0x0000000797a00000)
  to   space 104960K, 0% used [0x000000078f000000,0x000000078f000000,0x0000000795680000)
 ParOldGen       total 876032K, used 584982K [0x0000000701800000, 0x0000000736f80000, 0x0000000780800000)
  object space 876032K, 66% used [0x0000000701800000,0x00000007253458b0,0x0000000736f80000)
 Metaspace       used 69430K, capacity 72320K, committed 72704K, reserved 1112064K
  class space    used 9200K, capacity 9715K, committed 9728K, reserved 1048576K
Event: 70.249 GC heap after
Heap after GC invocations=25 (full 4):
 PSYoungGen      total 342528K, used 104929K [0x0000000780800000, 0x00000007a5600000, 0x00000007c0000000)
  eden space 237568K, 0% used [0x0000000780800000,0x0000000780800000,0x000000078f000000)
  from space 104960K, 99% used [0x000000078f000000,0x0000000795678600,0x0000000795680000)
  to   space 151552K, 0% used [0x000000079c200000,0x000000079c200000,0x00000007a5600000)
 ParOldGen       total 876032K, used 658063K [0x0000000701800000, 0x0000000736f80000, 0x0000000780800000)
  object space 876032K, 75% used [0x0000000701800000,0x0000000729aa3cb0,0x0000000736f80000)
 Metaspace       used 69430K, capacity 72320K, committed 72704K, reserved 1112064K
  class space    used 9200K, capacity 9715K, committed 9728K, reserved 1048576K
}
Event: 71.375 GC heap before
{Heap before GC invocations=26 (full 4):
 PSYoungGen      total 342528K, used 342497K [0x0000000780800000, 0x00000007a5600000, 0x00000007c0000000)
  eden space 237568K, 100% used [0x0000000780800000,0x000000078f000000,0x000000078f000000)
  from space 104960K, 99% used [0x000000078f000000,0x0000000795678600,0x0000000795680000)
  to   space 151552K, 0% used [0x000000079c200000,0x000000079c200000,0x00000007a5600000)
 ParOldGen       total 876032K, used 658063K [0x0000000701800000, 0x0000000736f80000, 0x0000000780800000)
  object space 876032K, 75% used [0x0000000701800000,0x0000000729aa3cb0,0x0000000736f80000)
 Metaspace       used 69430K, capacity 72320K, committed 72704K, reserved 1112064K
  class space    used 9200K, capacity 9715K, committed 9728K, reserved 1048576K
Event: 71.611 GC heap after
Heap after GC invocations=26 (full 4):
 PSYoungGen      total 372736K, used 151523K [0x0000000780800000, 0x00000007afa80000, 0x00000007c0000000)
  eden space 221184K, 0% used [0x0000000780800000,0x0000000780800000,0x000000078e000000)
  from space 151552K, 99% used [0x000000079c200000,0x00000007a55f8dd0,0x00000007a5600000)
  to   space 231424K, 0% used [0x000000078e000000,0x000000078e000000,0x000000079c200000)
 ParOldGen       total 876032K, used 797865K [0x0000000701800000, 0x0000000736f80000, 0x0000000780800000)
  object space 876032K, 91% used [0x0000000701800000,0x000000073232a6c0,0x0000000736f80000)
 Metaspace       used 69430K, capacity 72320K, committed 72704K, reserved 1112064K
  class space    used 9200K, capacity 9715K, committed 9728K, reserved 1048576K
}
Event: 71.611 GC heap before
{Heap before GC invocations=27 (full 5):
 PSYoungGen      total 372736K, used 151523K [0x0000000780800000, 0x00000007afa80000, 0x00000007c0000000)
  eden space 221184K, 0% used [0x0000000780800000,0x0000000780800000,0x000000078e000000)
  from space 151552K, 99% used [0x000000079c200000,0x00000007a55f8dd0,0x00000007a5600000)
  to   space 231424K, 0% used [0x000000078e000000,0x000000078e000000,0x000000079c200000)
 ParOldGen       total 876032K, used 797865K [0x0000000701800000, 0x0000000736f80000, 0x0000000780800000)
  object space 876032K, 91% used [0x0000000701800000,0x000000073232a6c0,0x0000000736f80000)
 Metaspace       used 69430K, capacity 72320K, committed 72704K, reserved 1112064K
  class space    used 9200K, capacity 9715K, committed 9728K, reserved 1048576K

