# JRE version: Java(TM) SE Runtime Environment (8.0_202-b08) (build 1.8.0_202-b08)
# Java VM: Java HotSpot(TM) 64-Bit Server VM (25.202-b08 mixed mode windows-amd64 compressed oops)
Heap:
 PSYoungGen      total 450560K, used 450530K [0x0000000780800000, 0x00000007a7b00000, 0x00000007c0000000)
  eden space 331776K, 100% used [0x0000000780800000,0x0000000794c00000,0x0000000794c00000)
  from space 118784K, 99% used [0x00000007a0700000,0x00000007a7af8b50,0x00000007a7b00000)
  to   space 36352K, 99% used [0x0000000794c00000,0x0000000796f78190,0x0000000796f80000)
 ParOldGen       total 964096K, used 964088K [0x0000000701800000, 0x000000073c580000, 0x0000000780800000)
  object space 964096K, 99% used [0x0000000701800000,0x000000073c57e1c0,0x000000073c580000)
 Metaspace       used 72800K, capacity 75794K, committed 76928K, reserved 1116160K
  class space    used 9604K, capacity 10128K, committed 10368K, reserved 1048576K
GC Heap History (10 events):
Event: 53290.111 GC heap after
Heap after GC invocations=18 (full 3):
 PSYoungGen      total 366592K, used 27638K [0x0000000780800000, 0x0000000799300000, 0x00000007c0000000)
  eden space 338944K, 0% used [0x0000000780800000,0x0000000780800000,0x0000000795300000)
  from space 27648K, 99% used [0x0000000796680000,0x000000079817dbc0,0x0000000798180000)
  to   space 17920K, 0% used [0x0000000798180000,0x0000000798180000,0x0000000799300000)
 ParOldGen       total 196096K, used 48646K [0x0000000701800000, 0x000000070d780000, 0x0000000780800000)
  object space 196096K, 24% used [0x0000000701800000,0x0000000704781aa8,0x000000070d780000)
 Metaspace       used 68822K, capacity 72042K, committed 72320K, reserved 1112064K
  class space    used 9182K, capacity 9730K, committed 9856K, reserved 1048576K
}
Event: 60387.950 GC heap before
{Heap before GC invocations=19 (full 3):
 PSYoungGen      total 366592K, used 366582K [0x0000000780800000, 0x0000000799300000, 0x00000007c0000000)
  eden space 338944K, 100% used [0x0000000780800000,0x0000000795300000,0x0000000795300000)
  from space 27648K, 99% used [0x0000000796680000,0x000000079817dbc0,0x0000000798180000)
  to   space 17920K, 0% used [0x0000000798180000,0x0000000798180000,0x0000000799300000)
 ParOldGen       total 815616K, used 667186K [0x0000000701800000, 0x0000000733480000, 0x0000000780800000)
  object space 815616K, 81% used [0x0000000701800000,0x000000072a38c988,0x0000000733480000)
 Metaspace       used 73260K, capacity 76618K, committed 76928K, reserved 1116160K
  class space    used 9665K, capacity 10254K, committed 10368K, reserved 1048576K
Event: 60389.271 GC heap after
Heap after GC invocations=19 (full 3):
 PSYoungGen      total 345088K, used 17905K [0x0000000780800000, 0x0000000799300000, 0x00000007c0000000)
  eden space 327168K, 0% used [0x0000000780800000,0x0000000780800000,0x0000000794780000)
  from space 17920K, 99% used [0x0000000798180000,0x00000007992fc790,0x0000000799300000)
  to   space 36352K, 0% used [0x0000000794c00000,0x0000000794c00000,0x0000000796f80000)
 ParOldGen       total 815616K, used 679113K [0x0000000701800000, 0x0000000733480000, 0x0000000780800000)
  object space 815616K, 83% used [0x0000000701800000,0x000000072af325d0,0x0000000733480000)
 Metaspace       used 73260K, capacity 76618K, committed 76928K, reserved 1116160K
  class space    used 9665K, capacity 10254K, committed 10368K, reserved 1048576K
}
Event: 60393.617 GC heap before
{Heap before GC invocations=20 (full 3):
 PSYoungGen      total 345088K, used 345073K [0x0000000780800000, 0x0000000799300000, 0x00000007c0000000)
  eden space 327168K, 100% used [0x0000000780800000,0x0000000794780000,0x0000000794780000)
  from space 17920K, 99% used [0x0000000798180000,0x00000007992fc790,0x0000000799300000)
  to   space 36352K, 0% used [0x0000000794c00000,0x0000000794c00000,0x0000000796f80000)
 ParOldGen       total 815616K, used 679113K [0x0000000701800000, 0x0000000733480000, 0x0000000780800000)
  object space 815616K, 83% used [0x0000000701800000,0x000000072af325d0,0x0000000733480000)
 Metaspace       used 73372K, capacity 76714K, committed 76928K, reserved 1116160K
  class space    used 9692K, capacity 10286K, committed 10368K, reserved 1048576K
Event: 60394.059 GC heap after
Heap after GC invocations=20 (full 3):
 PSYoungGen      total 368128K, used 36320K [0x0000000780800000, 0x00000007a7b00000, 0x00000007c0000000)
  eden space 331776K, 0% used [0x0000000780800000,0x0000000780800000,0x0000000794c00000)
  from space 36352K, 99% used [0x0000000794c00000,0x0000000796f781a0,0x0000000796f80000)
  to   space 118784K, 0% used [0x00000007a0700000,0x00000007a0700000,0x00000007a7b00000)
 ParOldGen       total 888320K, used 887761K [0x0000000701800000, 0x0000000737b80000, 0x0000000780800000)
  object space 888320K, 99% used [0x0000000701800000,0x0000000737af4778,0x0000000737b80000)
 Metaspace       used 73372K, capacity 76714K, committed 76928K, reserved 1116160K
  class space    used 9692K, capacity 10286K, committed 10368K, reserved 1048576K
}
Event: 60394.059 GC heap before
{Heap before GC invocations=21 (full 4):
 PSYoungGen      total 368128K, used 36320K [0x0000000780800000, 0x00000007a7b00000, 0x00000007c0000000)
  eden space 331776K, 0% used [0x0000000780800000,0x0000000780800000,0x0000000794c00000)
  from space 36352K, 99% used [0x0000000794c00000,0x0000000796f781a0,0x0000000796f80000)
  to   space 118784K, 0% used [0x00000007a0700000,0x00000007a0700000,0x00000007a7b00000)
 ParOldGen       total 888320K, used 887761K [0x0000000701800000, 0x0000000737b80000, 0x0000000780800000)
  object space 888320K, 99% used [0x0000000701800000,0x0000000737af4778,0x0000000737b80000)
 Metaspace       used 73372K, capacity 76714K, committed 76928K, reserved 1116160K
  class space    used 9692K, capacity 10286K, committed 10368K, reserved 1048576K
Event: 60402.522 GC heap after
Heap after GC invocations=21 (full 4):
 PSYoungGen      total 368128K, used 0K [0x0000000780800000, 0x00000007a7b00000, 0x00000007c0000000)
  eden space 331776K, 0% used [0x0000000780800000,0x0000000780800000,0x0000000794c00000)
  from space 36352K, 0% used [0x0000000794c00000,0x0000000794c00000,0x0000000796f80000)
  to   space 118784K, 0% used [0x00000007a0700000,0x00000007a0700000,0x00000007a7b00000)
 ParOldGen       total 875520K, used 584932K [0x0000000701800000, 0x0000000736f00000, 0x0000000780800000)
  object space 875520K, 66% used [0x0000000701800000,0x0000000725339250,0x0000000736f00000)
 Metaspace       used 72797K, capacity 75788K, committed 76928K, reserved 1116160K
  class space    used 9604K, capacity 10127K, committed 10368K, reserved 1048576K
}
Event: 60404.340 GC heap before
{Heap before GC invocations=22 (full 4):
 PSYoungGen      total 368128K, used 331776K [0x0000000780800000, 0x00000007a7b00000, 0x00000007c0000000)
  eden space 331776K, 100% used [0x0000000780800000,0x0000000794c00000,0x0000000794c00000)
  from space 36352K, 0% used [0x0000000794c00000,0x0000000794c00000,0x0000000796f80000)
  to   space 118784K, 0% used [0x00000007a0700000,0x00000007a0700000,0x00000007a7b00000)
 ParOldGen       total 875520K, used 584932K [0x0000000701800000, 0x0000000736f00000, 0x0000000780800000)
  object space 875520K, 66% used [0x0000000701800000,0x0000000725339250,0x0000000736f00000)
 Metaspace       used 72800K, capacity 75794K, committed 76928K, reserved 1116160K
  class space    used 9604K, capacity 10128K, committed 10368K, reserved 1048576K
Event: 60404.541 GC heap after
Heap after GC invocations=22 (full 4):
 PSYoungGen      total 450560K, used 118754K [0x0000000780800000, 0x00000007a7b00000, 0x00000007c0000000)
  eden space 331776K, 0% used [0x0000000780800000,0x0000000780800000,0x0000000794c00000)
  from space 118784K, 99% used [0x00000007a0700000,0x00000007a7af8b50,0x00000007a7b00000)
  to   space 36352K, 0% used [0x0000000794c00000,0x0000000794c00000,0x0000000796f80000)
 ParOldGen       total 875520K, used 712830K [0x0000000701800000, 0x0000000736f00000, 0x0000000780800000)
  object space 875520K, 81% used [0x0000000701800000,0x000000072d01f9e0,0x0000000736f00000)
 Metaspace       used 72800K, capacity 75794K, committed 76928K, reserved 1116160K
  class space    used 9604K, capacity 10128K, committed 10368K, reserved 1048576K
}
Event: 60406.178 GC heap before
{Heap before GC invocations=23 (full 4):
 PSYoungGen      total 450560K, used 450530K [0x0000000780800000, 0x00000007a7b00000, 0x00000007c0000000)
  eden space 331776K, 100% used [0x0000000780800000,0x0000000794c00000,0x0000000794c00000)
  from space 118784K, 99% used [0x00000007a0700000,0x00000007a7af8b50,0x00000007a7b00000)
  to   space 36352K, 0% used [0x0000000794c00000,0x0000000794c00000,0x0000000796f80000)
 ParOldGen       total 875520K, used 712830K [0x0000000701800000, 0x0000000736f00000, 0x0000000780800000)
  object space 875520K, 81% used [0x0000000701800000,0x000000072d01f9e0,0x0000000736f00000)
 Metaspace       used 72800K, capacity 75794K, committed 76928K, reserved 1116160K
  class space    used 9604K, capacity 10128K, committed 10368K, reserved 1048576K

